<?xml version="1.0" ?>
<testsuite errors="0" failures="0" name="ejemploUTlibroPruebaReporte.SearchTestsReporte-20160913153541" tests="2" time="18.024">
	<testcase classname="ejemploUTlibroPruebaReporte.SearchTestsReporte" name="test_search_title_length" time="8.650"/>
	<testcase classname="ejemploUTlibroPruebaReporte.SearchTestsReporte" name="test_search_title_text" time="9.374"/>
	<system-out>
<![CDATA[]]>	</system-out>
	<system-err>
<![CDATA[]]>	</system-err>
</testsuite>
